<?xml version="1.0" encoding="UTF-8"?>
<!-- Generated by org.testng.reporters.JUnitReportReporter -->
<testsuite hostname="dds-x1e-017" failures="0" tests="1" name="AndroidTest" time="10.051" errors="0" timestamp="2024-05-30T00:32:23 CEST" skipped="0">
  <testcase classname="AndroidTest" name="demoTest" time="10.051"/>
</testsuite> <!-- AndroidTest -->
